5491162132490:ENCOLADO ans_54eecd5b-d0ae-481d-a4b6-e23315b1dacd
EJECUTANDO:ans_54eecd5b-d0ae-481d-a4b6-e23315b1dacd
5491162132490:SUCCESS
5491162132490:ENCOLADO ans_54eecd5b-d0ae-481d-a4b6-e23315b1dacd
EJECUTANDO:ans_54eecd5b-d0ae-481d-a4b6-e23315b1dacd
5491162132490:ENCOLADO ans_54eecd5b-d0ae-481d-a4b6-e23315b1dacd
EJECUTANDO:ans_54eecd5b-d0ae-481d-a4b6-e23315b1dacd
5491162132490:SUCCESS
5491162132490:SUCCESS
5491162132490:ENCOLADO ans_c7fb457c-42b7-43be-b3f8-79d05a5f0114
EJECUTANDO:ans_c7fb457c-42b7-43be-b3f8-79d05a5f0114
5491162132490:SUCCESS
5491162132490:ENCOLADO ans_896fd2ef-bcc7-46ba-addb-eac4f3632aef
EJECUTANDO:ans_896fd2ef-bcc7-46ba-addb-eac4f3632aef
5491162132490:SUCCESS
5491162132490:ENCOLADO ans_daa37028-1103-4e8f-8b40-3c2f0a1abc2c
EJECUTANDO:ans_daa37028-1103-4e8f-8b40-3c2f0a1abc2c
5491162132490:SUCCESS
5491162132490:ENCOLADO ans_3fc8563d-e564-46f4-b34a-d1719f08a83e
EJECUTANDO:ans_3fc8563d-e564-46f4-b34a-d1719f08a83e
5491162132490:SUCCESS
5491162132490:ENCOLADO ans_1819c64c-aa87-47e5-90ac-930d57db9aec
EJECUTANDO:ans_1819c64c-aa87-47e5-90ac-930d57db9aec
5491162132490:SUCCESS
